2019-01-04 09:21:19.320  INFO 9696 --- [restartedMain] com.az.task.AzTaskApplication            : Starting AzTaskApplication on NRWPTEC02BJHB-W with PID 9696 (D:\eclispeWorkspace\springBoot-JMS-ActiveMQ-For-Consume-and-Publish\target\classes started by Az in D:\eclispeWorkspace\springBoot-JMS-ActiveMQ-For-Consume-and-Publish)
2019-01-04 09:21:19.364  INFO 9696 --- [restartedMain] com.az.task.AzTaskApplication            : No active profile set, falling back to default profiles: default
2019-01-04 09:21:19.756  INFO 9696 --- [restartedMain] .e.DevToolsPropertyDefaultsPostProcessor : Devtools property defaults active! Set 'spring.devtools.add-properties' to 'false' to disable
2019-01-04 09:21:21.867  INFO 9696 --- [restartedMain] o.s.b.d.a.OptionalLiveReloadServer       : LiveReload server is running on port 35729
2019-01-04 09:21:22.490  INFO 9696 --- [restartedMain] com.az.task.AzTaskApplication            : Started AzTaskApplication in 4.223 seconds (JVM running for 7.757)
2019-01-04 09:21:36.685  INFO 9696 --- [DefaultMessageListenerContainer-1] c.a.t.s.StockLevelProcessorService       : :::: Message Recieved :::: 
2019-01-04 09:21:36.686  INFO 9696 --- [DefaultMessageListenerContainer-1] c.a.t.s.StockLevelProcessorService       : 
:::: ControlSegment(trnName=UC_STOCK_LEVEL, trnver=20180100, uuid=0de01919-81eb-4cc7-a51d-15f6085fc1a4, warehouseId=WHS01, clientId=CLIE01, ctryName=GB, requestId=bc2a55e8-5a07-4af6-85fd-8290d3ccfb51, routeId=186) :::: 
2019-01-04 09:21:36.686  INFO 9696 --- [DefaultMessageListenerContainer-1] c.a.t.s.StockLevelProcessorService       : 
sendToDestinationTopicQueue method Start
2019-01-04 09:21:36.712  INFO 9696 --- [DefaultMessageListenerContainer-1] c.a.t.s.StockLevelProcessorService       : 
Message successfully published on Topic-Queue
2019-01-04 09:23:33.213  INFO 9696 --- [RMI TCP Connection(2)-127.0.0.1] inMXBeanRegistrar$SpringApplicationAdmin : Application shutdown requested.
2019-01-04 09:24:00.124  INFO 12532 --- [main] c.a.t.StockLevelProcessorServiceUnitTest : Starting StockLevelProcessorServiceUnitTest on NRWPTEC02BJHB-W with PID 12532 (started by Az in D:\eclispeWorkspace\springBoot-JMS-ActiveMQ-For-Consume-and-Publish)
2019-01-04 09:24:00.126  INFO 12532 --- [main] c.a.t.StockLevelProcessorServiceUnitTest : No active profile set, falling back to default profiles: default
2019-01-04 09:24:02.788  INFO 12532 --- [main] c.a.t.StockLevelProcessorServiceUnitTest : Started StockLevelProcessorServiceUnitTest in 3.516 seconds (JVM running for 6.6)
2019-01-04 09:24:20.964  INFO 12532 --- [main] c.a.t.StockLevelProcessorServiceUnitTest : ***** MSG LENGTH is 475 bytes
2019-01-04 09:24:20.965  INFO 12532 --- [main] c.a.t.StockLevelProcessorServiceUnitTest : ***** 
<!-- XML MSG START -->
<?xml version="1.0" encoding="UTF-8" standalone="yes"?>
<UC_STOCK_LEVEL_IFD>
    <CTRL_SEG>
        <TRNNAM>UU_SSSS_LEVEL</TRNNAM>
        <TRNVER>20180100</TRNVER>
        <UUID>0de01919-81eb-4cc7-a51d-15f6085fc1a4</UUID>
        <WH_ID>WHHHH</WH_ID>
        <CLIENT_ID>CLI</CLIENT_ID>
        <ISO_2_CTRY_NAME>xxxx</ISO_2_CTRY_NAME>
        <REQUEST_ID>bcccc8-5a07-4hi6-8yyy-8290d3ccfb51</REQUEST_ID>
        <ROUTE_ID>6543</ROUTE_ID>
    </CTRL_SEG>
</UC_STOCK_LEVEL_IFD>

<!-- XML MSG END -->
2019-01-04 09:24:26.648  INFO 12532 --- [DefaultMessageListenerContainer-1] c.a.t.s.StockLevelProcessorService       : :::: Message Recieved :::: 
2019-01-04 09:24:27.411  INFO 12532 --- [DefaultMessageListenerContainer-1] c.a.t.s.StockLevelProcessorService       : 
:::: ControlSegment(trnName=UU_SSSS_LEVEL, trnver=20180100, uuid=0de01919-81eb-4cc7-a51d-15f6085fc1a4, warehouseId=WHHHH, clientId=CLI, ctryName=xxxx, requestId=bcccc8-5a07-4hi6-8yyy-8290d3ccfb51, routeId=6543) :::: 
2019-01-04 09:24:34.306  INFO 12532 --- [DefaultMessageListenerContainer-1] c.a.t.s.StockLevelProcessorService       : 
sendToDestinationTopicQueue method Start
2019-01-04 09:24:34.328  INFO 12532 --- [DefaultMessageListenerContainer-1] c.a.t.s.StockLevelProcessorService       : 
Message successfully published on Topic-Queue
2019-01-04 09:28:05.729  INFO 6460 --- [main] tockLevelProcessorServiceIntegrationTest : Starting StockLevelProcessorServiceIntegrationTest on NRWPTEC02BJHB-W with PID 6460 (started by Az in D:\eclispeWorkspace\springBoot-JMS-ActiveMQ-For-Consume-and-Publish)
2019-01-04 09:28:05.731  INFO 6460 --- [main] tockLevelProcessorServiceIntegrationTest : No active profile set, falling back to default profiles: default
2019-01-04 09:28:07.155  WARN 6460 --- [main] o.apache.activemq.broker.BrokerRegistry  : Broker localhost not started so using embedded-broker instead
2019-01-04 09:28:07.157  INFO 6460 --- [main] o.a.activemq.broker.TransportConnector   : Connector vm://localhost started
2019-01-04 09:28:07.208  INFO 6460 --- [main] tockLevelProcessorServiceIntegrationTest : Started StockLevelProcessorServiceIntegrationTest in 1.818 seconds (JVM running for 3.533)
2019-01-04 09:28:07.512  INFO 6460 --- [ActiveMQ Task-1] o.a.a.t.failover.FailoverTransport       : Successfully connected to vm://embedded-broker?create=false
2019-01-04 09:28:07.530  INFO 6460 --- [main] tockLevelProcessorServiceIntegrationTest : ***** MSG LENGTH is 475 bytes
2019-01-04 09:28:07.530  INFO 6460 --- [main] tockLevelProcessorServiceIntegrationTest : ***** 
<!-- XML MSG START -->
<?xml version="1.0" encoding="UTF-8" standalone="yes"?>
<UC_STOCK_LEVEL_IFD>
    <CTRL_SEG>
        <TRNNAM>UU_SSSS_LEVEL</TRNNAM>
        <TRNVER>20180100</TRNVER>
        <UUID>0de01919-81eb-4cc7-a51d-15f6085fc1a4</UUID>
        <WH_ID>WHHHH</WH_ID>
        <CLIENT_ID>CLI</CLIENT_ID>
        <ISO_2_CTRY_NAME>xxxx</ISO_2_CTRY_NAME>
        <REQUEST_ID>bcccc8-5a07-4hi6-8yyy-8290d3ccfb51</REQUEST_ID>
        <ROUTE_ID>6543</ROUTE_ID>
    </CTRL_SEG>
</UC_STOCK_LEVEL_IFD>

<!-- XML MSG END -->
2019-01-04 09:28:07.589  INFO 6460 --- [DefaultMessageListenerContainer-1] c.a.t.s.StockLevelProcessorService       : :::: Message Recieved :::: 
2019-01-04 09:28:07.590  INFO 6460 --- [DefaultMessageListenerContainer-1] c.a.t.s.StockLevelProcessorService       : 
:::: ControlSegment(trnName=UU_SSSS_LEVEL, trnver=20180100, uuid=0de01919-81eb-4cc7-a51d-15f6085fc1a4, warehouseId=WHHHH, clientId=CLI, ctryName=xxxx, requestId=bcccc8-5a07-4hi6-8yyy-8290d3ccfb51, routeId=6543) :::: 
2019-01-04 09:28:07.590  INFO 6460 --- [DefaultMessageListenerContainer-1] c.a.t.s.StockLevelProcessorService       : 
sendToDestinationTopicQueue method Start
2019-01-04 09:28:07.600  INFO 6460 --- [DefaultMessageListenerContainer-1] c.a.t.s.StockLevelProcessorService       : 
Message successfully published on Topic-Queue
2019-01-04 09:28:10.628  INFO 6460 --- [main] o.a.a.junit.EmbeddedActiveMQBroker       : Stopping Embedded ActiveMQ Broker: embedded-broker
2019-01-04 09:28:10.631  INFO 6460 --- [main] o.a.activemq.broker.TransportConnector   : Connector vm://embedded-broker stopped
2019-01-04 09:28:10.632  INFO 6460 --- [main] o.apache.activemq.broker.BrokerService   : Apache ActiveMQ 5.15.8 (embedded-broker, ID:NRWPTEC02BJHB-W-62946-1546579684972-0:1) is shutting down
2019-01-04 09:28:10.682  INFO 6460 --- [main] o.apache.activemq.broker.BrokerService   : Apache ActiveMQ 5.15.8 (embedded-broker, ID:NRWPTEC02BJHB-W-62946-1546579684972-0:1) uptime 5.847 seconds
2019-01-04 09:28:10.683  INFO 6460 --- [main] o.apache.activemq.broker.BrokerService   : Apache ActiveMQ 5.15.8 (embedded-broker, ID:NRWPTEC02BJHB-W-62946-1546579684972-0:1) is shutdown
2019-01-04 09:28:11.609  WARN 6460 --- [Thread-4] o.a.a.b.TransportConnection.Transport    : Transport Connection to: vm://localhost#2 failed: org.apache.activemq.transport.TransportDisposedIOException: peer (vm://localhost#2) stopped.
2019-01-04 09:28:11.610  INFO 6460 --- [Thread-4] o.a.activemq.broker.TransportConnector   : Connector vm://localhost stopped
2019-01-04 10:46:07.798  INFO 788 --- [restartedMain] com.az.task.AzTaskApplication            : Starting AzTaskApplication on NRWPTEC02BJHB-W with PID 788 (D:\eclispeWorkspace\springBoot-JMS-ActiveMQ-For-Consume-and-Publish\target\classes started by Az in D:\eclispeWorkspace\springBoot-JMS-ActiveMQ-For-Consume-and-Publish)
2019-01-04 10:46:07.870  INFO 788 --- [restartedMain] com.az.task.AzTaskApplication            : No active profile set, falling back to default profiles: default
2019-01-04 10:46:08.108  INFO 788 --- [restartedMain] .e.DevToolsPropertyDefaultsPostProcessor : Devtools property defaults active! Set 'spring.devtools.add-properties' to 'false' to disable
2019-01-04 10:46:16.001  INFO 788 --- [restartedMain] o.s.b.d.a.OptionalLiveReloadServer       : LiveReload server is running on port 35729
2019-01-04 10:46:21.236  INFO 788 --- [restartedMain] com.az.task.AzTaskApplication            : Started AzTaskApplication in 17.211 seconds (JVM running for 22.899)
2019-01-04 10:48:53.404  WARN 788 --- [DefaultMessageListenerContainer-1] com.az.task.errors.ListenerErrorHandler  : 
	Listener is Unable to unmarshal the Message
2019-01-04 10:48:53.405 ERROR 788 --- [DefaultMessageListenerContainer-1] com.az.task.errors.ListenerErrorHandler  : 
	Could not unmarshal message: ActiveMQTextMessage {commandId = 5, responseRequired = false, messageId = ID:NRWPTEC02BJHB-W-63914-1546584245226-4:1:1:1:1, originalDestination = null, originalTransactionId = null, producerId = ID:NRWPTEC02BJHB-W-63914-1546584245226-4:1:1:1, destination = queue://source, transactionId = null, expiration = 0, timestamp = 1546584521762, arrival = 0, brokerInTime = 1546584521770, brokerOutTime = 1546584521780, correlationId = , replyTo = null, persistent = false, type = , priority = 0, groupID = null, groupSequence = 0, targetConsumerId = null, compressed = false, userID = null, content = null, marshalledProperties = null, dataStructure = null, redeliveryCounter = 0, size = 0, properties = null, readOnlyProperties = true, readOnlyBody = true, droppable = false, jmsXGroupFirstForConsumer = false, text = Enter some text here for the message body...}; nested exception is org.springframework.oxm.UnmarshallingFailureException: JAXB unmarshalling exception; nested exception is javax.xml.bind.UnmarshalException
 - with linked exception:
[org.xml.sax.SAXParseException; lineNumber: 1; columnNumber: 1; Content is not allowed in prolog.]
2019-01-04 10:49:11.116  INFO 788 --- [DefaultMessageListenerContainer-1] c.a.t.s.StockLevelProcessorService       : :::: Message Recieved :::: 
2019-01-04 10:49:11.117  INFO 788 --- [DefaultMessageListenerContainer-1] c.a.t.s.StockLevelProcessorService       : 
:::: ControlSegment(trnName=UC_STOCK_LEVEL, trnver=20180100, uuid=0de01919-81eb-4cc7-a51d-15f6085fc1a4, warehouseId=WHS01, clientId=CLIE01, ctryName=GB, requestId=bc2a55e8-5a07-4af6-85fd-8290d3ccfb51, routeId=186) :::: 
2019-01-04 10:49:11.117  INFO 788 --- [DefaultMessageListenerContainer-1] c.a.t.s.StockLevelProcessorService       : 
	sendToDestinationTopicQueue method Start
2019-01-04 10:49:11.302  INFO 788 --- [DefaultMessageListenerContainer-1] c.a.t.s.StockLevelProcessorService       : 
	Message successfully published on Topic-Queue
2019-01-04 10:49:36.314  INFO 788 --- [DefaultMessageListenerContainer-1] c.a.t.s.StockLevelProcessorService       : :::: Message Recieved :::: 
2019-01-04 10:49:36.314  INFO 788 --- [DefaultMessageListenerContainer-1] c.a.t.s.StockLevelProcessorService       : 
:::: ControlSegment(trnName=UU_SSSS_LEVEL, trnver=20180100, uuid=0de01919-81eb-4cc7-a51d-15f6085fc1a4, warehouseId=WHHHH, clientId=CLI, ctryName=xxxx, requestId=bcccc8-5a07-4hi6-8yyy-8290d3ccfb51, routeId=6543) :::: 
2019-01-04 10:49:36.314  INFO 788 --- [DefaultMessageListenerContainer-1] c.a.t.s.StockLevelProcessorService       : 
	sendToDestinationTopicQueue method Start
2019-01-04 10:49:36.372  INFO 788 --- [DefaultMessageListenerContainer-1] c.a.t.s.StockLevelProcessorService       : 
	Message successfully published on Topic-Queue
2019-01-04 10:49:46.721  INFO 788 --- [RMI TCP Connection(2)-127.0.0.1] inMXBeanRegistrar$SpringApplicationAdmin : Application shutdown requested.
2019-01-04 10:50:33.000  INFO 7416 --- [main] tockLevelProcessorServiceIntegrationTest : Starting StockLevelProcessorServiceIntegrationTest on NRWPTEC02BJHB-W with PID 7416 (started by Az in D:\eclispeWorkspace\springBoot-JMS-ActiveMQ-For-Consume-and-Publish)
2019-01-04 10:50:33.001  INFO 7416 --- [main] tockLevelProcessorServiceIntegrationTest : No active profile set, falling back to default profiles: default
2019-01-04 10:50:34.744  WARN 7416 --- [main] o.apache.activemq.broker.BrokerRegistry  : Broker localhost not started so using embedded-broker instead
2019-01-04 10:50:34.744  INFO 7416 --- [main] o.a.activemq.broker.TransportConnector   : Connector vm://localhost started
2019-01-04 10:50:34.778  INFO 7416 --- [main] tockLevelProcessorServiceIntegrationTest : Started StockLevelProcessorServiceIntegrationTest in 2.322 seconds (JVM running for 7.291)
2019-01-04 10:50:35.460  INFO 7416 --- [ActiveMQ Task-1] o.a.a.t.failover.FailoverTransport       : Successfully connected to vm://embedded-broker?create=false
2019-01-04 10:50:35.502  INFO 7416 --- [main] tockLevelProcessorServiceIntegrationTest : ***** MSG LENGTH is 475 bytes
2019-01-04 10:50:35.502  INFO 7416 --- [main] tockLevelProcessorServiceIntegrationTest : ***** 
<!-- XML MSG START -->
<?xml version="1.0" encoding="UTF-8" standalone="yes"?>
<UC_STOCK_LEVEL_IFD>
    <CTRL_SEG>
        <TRNNAM>UU_SSSS_LEVEL</TRNNAM>
        <TRNVER>20180100</TRNVER>
        <UUID>0de01919-81eb-4cc7-a51d-15f6085fc1a4</UUID>
        <WH_ID>WHHHH</WH_ID>
        <CLIENT_ID>CLI</CLIENT_ID>
        <ISO_2_CTRY_NAME>xxxx</ISO_2_CTRY_NAME>
        <REQUEST_ID>bcccc8-5a07-4hi6-8yyy-8290d3ccfb51</REQUEST_ID>
        <ROUTE_ID>6543</ROUTE_ID>
    </CTRL_SEG>
</UC_STOCK_LEVEL_IFD>

<!-- XML MSG END -->
2019-01-04 10:50:35.647  INFO 7416 --- [DefaultMessageListenerContainer-1] c.a.t.s.StockLevelProcessorService       : :::: Message Recieved :::: 
2019-01-04 10:50:35.648  INFO 7416 --- [DefaultMessageListenerContainer-1] c.a.t.s.StockLevelProcessorService       : 
:::: ControlSegment(trnName=UU_SSSS_LEVEL, trnver=20180100, uuid=0de01919-81eb-4cc7-a51d-15f6085fc1a4, warehouseId=WHHHH, clientId=CLI, ctryName=xxxx, requestId=bcccc8-5a07-4hi6-8yyy-8290d3ccfb51, routeId=6543) :::: 
2019-01-04 10:50:35.649  INFO 7416 --- [DefaultMessageListenerContainer-1] c.a.t.s.StockLevelProcessorService       : 
	sendToDestinationTopicQueue method Start
2019-01-04 10:50:35.663  INFO 7416 --- [DefaultMessageListenerContainer-1] c.a.t.s.StockLevelProcessorService       : 
	Message successfully published on Topic-Queue
2019-01-04 10:50:38.721  INFO 7416 --- [main] o.a.a.junit.EmbeddedActiveMQBroker       : Stopping Embedded ActiveMQ Broker: embedded-broker
2019-01-04 10:50:38.725  INFO 7416 --- [main] o.a.activemq.broker.TransportConnector   : Connector vm://embedded-broker stopped
2019-01-04 10:50:38.726  INFO 7416 --- [main] o.apache.activemq.broker.BrokerService   : Apache ActiveMQ 5.15.8 (embedded-broker, ID:NRWPTEC02BJHB-W-64097-1546584631895-0:1) is shutting down
2019-01-04 10:50:38.738  INFO 7416 --- [main] o.apache.activemq.broker.BrokerService   : Apache ActiveMQ 5.15.8 (embedded-broker, ID:NRWPTEC02BJHB-W-64097-1546584631895-0:1) uptime 7.333 seconds
2019-01-04 10:50:38.739  INFO 7416 --- [main] o.apache.activemq.broker.BrokerService   : Apache ActiveMQ 5.15.8 (embedded-broker, ID:NRWPTEC02BJHB-W-64097-1546584631895-0:1) is shutdown
2019-01-04 10:50:39.672  WARN 7416 --- [Thread-4] o.a.a.b.TransportConnection.Transport    : Transport Connection to: vm://localhost#2 failed: org.apache.activemq.transport.TransportDisposedIOException: peer (vm://localhost#2) stopped.
2019-01-04 10:50:39.674  INFO 7416 --- [Thread-4] o.a.activemq.broker.TransportConnector   : Connector vm://localhost stopped
